<?xml version="1.0" encoding="UTF-8"?>
<!-- Generated by org.testng.reporters.JUnitXMLReporter -->
<testsuite ignored="0" hostname="DESKTOP-2S175RD" failures="1" tests="1" name="Sanity and Smoke Tests" time="0.072" errors="0" timestamp="2025-08-23T12:47:18 IST">
  <testcase classname="com.wipro.testng.lab19august_AddtoCart" name="cart" time="0.0">
    <failure type="org.testng.TestNGException" message="
Parameter &amp;apos;Cart&amp;apos; is required by @Test on method cart but has not been marked @Optional or defined
in C:\Users\Supraja\eclipse-workspace\Selenium\testng.xml">
      <![CDATA[org.testng.TestNGException: 
Parameter 'Cart' is required by @Test on method cart but has not been marked @Optional or defined
in C:\Users\Supraja\eclipse-workspace\Selenium\testng.xml
at java.base/java.util.ArrayList.forEach(ArrayList.java:1511)
... Removed 30 stack frames]]>
    </failure>
  </testcase> <!-- cart -->
</testsuite> <!-- Sanity and Smoke Tests -->
